[GET] /user/123
[GET] /user/123
[GET] /user/123
[2026-07-06 11:28:58] [INFO] GET /user/123
[2026-07-06 11:35:04] [INFO] GET /user/123
[2026-07-06 11:51:28] [INFO] GET /
[2026-07-06 11:52:25] [INFO] GET /
[2026-07-06 11:53:48] [INFO] GET /
[2026-07-06 12:04:02] [INFO] GET /
[2026-07-06 13:27:42] [INFO] GET /
[2026-07-06 13:27:42] [INFO] GET /apple-touch-icon-precomposed.png
[2026-07-06 13:27:42] [INFO] GET /apple-touch-icon.png
[2026-07-06 13:27:42] [INFO] GET /favicon.ico
[2026-07-06 13:27:50] [INFO] GET /health
[2026-07-06 13:28:57] [INFO] GET /user/123
[2026-07-06 13:31:35] [INFO] GET /user/123
[2026-07-06 13:31:47] [INFO] GET /user/123
[2026-07-06 13:31:52] [INFO] GET /
[2026-07-06 13:31:58] [INFO] GET /
[2026-07-06 13:32:15] [INFO] GET /
[2026-07-06 13:32:33] [INFO] GET /
[2026-07-06 13:33:37] [INFO] GET /health
[2026-07-06 13:33:52] [INFO] GET /
[2026-07-06 13:36:49] [INFO] GET /
[2026-07-06 13:43:12] [INFO] GET /
[2026-07-06 13:43:27] [INFO] GET /
[2026-07-06 13:43:33] [INFO] GET /health
[2026-07-06 13:44:41] [INFO] GET /user/123
[2026-07-06 13:58:01] [INFO] GET /user/123
[2026-07-06 17:55:41] [INFO] GET /user/123
[2026-07-07 07:16:55] [INFO] GET /user/123
[2026-07-07 07:40:39] [INFO] GET /user/123
[2026-07-07 07:41:05] [INFO] GET /
[2026-07-07 07:41:05] [INFO] GET /apple-touch-icon-precomposed.png
[2026-07-07 07:41:05] [INFO] GET /apple-touch-icon.png
[2026-07-07 07:41:05] [INFO] GET /favicon.ico
[2026-07-07 07:45:42] [INFO] GET /
[2026-07-08 05:58:51] [INFO] GET /boom
[2026-07-08 05:58:51] [ERROR] [B8DB667C] RuntimeException: Boom!
[2026-07-08 06:04:40] [INFO] GET /boom
[2026-07-08 06:04:46] [INFO] GET /
[2026-07-08 06:04:46] [INFO] GET /apple-touch-icon-precomposed.png
[2026-07-08 06:04:46] [INFO] GET /apple-touch-icon.png
[2026-07-08 06:04:46] [INFO] GET /favicon.ico
[2026-07-09 06:05:41] [INFO] GET /event-test
[2026-07-09 06:05:41] [ERROR] [CB8AC44D] Error: Interface "Sendity\Core\Events\Contracts\EventInterface" not found
[2026-07-09 06:06:30] [INFO] GET /
[2026-07-09 06:06:30] [INFO] GET /apple-touch-icon-precomposed.png
[2026-07-09 06:06:30] [INFO] GET /apple-touch-icon.png
[2026-07-09 06:06:30] [INFO] GET /favicon.ico
[2026-07-09 07:02:03] [INFO] GET /event-test
[2026-07-09 07:02:03] [INFO] Mail sent to cedric@example.com with subject "Hello Sendity!"
[2026-07-10 04:50:17] [INFO] GET /event-test
[2026-07-10 04:50:17] [INFO] Mail sent to cedric@example.com with subject "Hello Sendity!"
[2026-07-10 04:51:31] [INFO] GET /event-test
[2026-07-10 04:51:31] [INFO] Mail sent to cedric@example.com with subject "Hello Sendity!"
[2026-07-10 05:21:29] [INFO] GET /event-test
[2026-07-10 05:21:29] [INFO] Mail sent to cedric@example.com with subject "Hello Sendity!"
[2026-07-10 05:33:25] [INFO] GET /event-test
[2026-07-10 05:33:25] [INFO] Mail sent to cedric@example.com with subject "Hello Sendity!"
[2026-07-10 05:33:34] [INFO] GET /boom
[2026-07-10 05:36:17] [INFO] GET /boom
[2026-07-10 05:36:17] [ERROR] [FF70D7A6] RuntimeException: Boom!
